  C3_Exercise_15_LCaster_Task5.cpp
C:\Users\Xelan\OneDrive\Documentos\Visual Studio 2022\OpenGL\OpenGL_Stuff\include\learnopengl\shader.h(55,40): warning C4101: 'e': variable local sin referencia
  (compilando archivo de origen "../../../../../Downloads/C3_PREN_34_1LCaster_MLights-20240715/C3_Exercise_15_LCaster_Task5.cpp")
  
C:\Users\Xelan\Downloads\C3_PREN_34_1LCaster_MLights-20240715\C3_Exercise_15_LCaster_Task5.cpp(205,25): warning C4244: 'inicializando': conversión de 'double' a 'float'; posible pérdida de datos
C:\Users\Xelan\Downloads\C3_PREN_34_1LCaster_MLights-20240715\C3_Exercise_15_LCaster_Task5.cpp(242,58): warning C4305: 'argumento': truncamiento de 'double' a 'float'
C:\Users\Xelan\Downloads\C3_PREN_34_1LCaster_MLights-20240715\C3_Exercise_15_LCaster_Task5.cpp(243,61): warning C4305: 'argumento': truncamiento de 'double' a 'float'
C:\Users\Xelan\Downloads\C3_PREN_34_1LCaster_MLights-20240715\C3_Exercise_15_LCaster_Task5.cpp(250,58): warning C4305: 'argumento': truncamiento de 'double' a 'float'
C:\Users\Xelan\Downloads\C3_PREN_34_1LCaster_MLights-20240715\C3_Exercise_15_LCaster_Task5.cpp(251,61): warning C4305: 'argumento': truncamiento de 'double' a 'float'
C:\Users\Xelan\Downloads\C3_PREN_34_1LCaster_MLights-20240715\C3_Exercise_15_LCaster_Task5.cpp(258,58): warning C4305: 'argumento': truncamiento de 'double' a 'float'
C:\Users\Xelan\Downloads\C3_PREN_34_1LCaster_MLights-20240715\C3_Exercise_15_LCaster_Task5.cpp(259,61): warning C4305: 'argumento': truncamiento de 'double' a 'float'
C:\Users\Xelan\Downloads\C3_PREN_34_1LCaster_MLights-20240715\C3_Exercise_15_LCaster_Task5.cpp(266,58): warning C4305: 'argumento': truncamiento de 'double' a 'float'
C:\Users\Xelan\Downloads\C3_PREN_34_1LCaster_MLights-20240715\C3_Exercise_15_LCaster_Task5.cpp(267,61): warning C4305: 'argumento': truncamiento de 'double' a 'float'
C:\Users\Xelan\Downloads\C3_PREN_34_1LCaster_MLights-20240715\C3_Exercise_15_LCaster_Task5.cpp(275,53): warning C4305: 'argumento': truncamiento de 'double' a 'float'
C:\Users\Xelan\Downloads\C3_PREN_34_1LCaster_MLights-20240715\C3_Exercise_15_LCaster_Task5.cpp(276,56): warning C4305: 'argumento': truncamiento de 'double' a 'float'
C:\Users\Xelan\Downloads\C3_PREN_34_1LCaster_MLights-20240715\C3_Exercise_15_LCaster_Task5.cpp(385,17): warning C4244: '=': conversión de 'double' a 'float'; posible pérdida de datos
C:\Users\Xelan\Downloads\C3_PREN_34_1LCaster_MLights-20240715\C3_Exercise_15_LCaster_Task5.cpp(386,17): warning C4244: '=': conversión de 'double' a 'float'; posible pérdida de datos
C:\Users\Xelan\Downloads\C3_PREN_34_1LCaster_MLights-20240715\C3_Exercise_15_LCaster_Task5.cpp(390,19): warning C4244: 'inicializando': conversión de 'double' a 'float'; posible pérdida de datos
C:\Users\Xelan\Downloads\C3_PREN_34_1LCaster_MLights-20240715\C3_Exercise_15_LCaster_Task5.cpp(391,19): warning C4244: 'inicializando': conversión de 'double' a 'float'; posible pérdida de datos
C:\Users\Xelan\Downloads\C3_PREN_34_1LCaster_MLights-20240715\C3_Exercise_15_LCaster_Task5.cpp(393,13): warning C4244: '=': conversión de 'double' a 'float'; posible pérdida de datos
C:\Users\Xelan\Downloads\C3_PREN_34_1LCaster_MLights-20240715\C3_Exercise_15_LCaster_Task5.cpp(394,13): warning C4244: '=': conversión de 'double' a 'float'; posible pérdida de datos
C:\Users\Xelan\Downloads\C3_PREN_34_1LCaster_MLights-20240715\C3_Exercise_15_LCaster_Task5.cpp(403,31): warning C4244: 'argumento': conversión de 'double' a 'float'; posible pérdida de datos
C3_Exercise_15_LCaster_Task5.obj : error LNK2019: símbolo externo gladLoadGLLoader sin resolver al que se hace referencia en la función main
C3_Exercise_15_LCaster_Task5.obj : error LNK2001: símbolo externo glad_glTexParameteri sin resolver
C3_Exercise_15_LCaster_Task5.obj : error LNK2001: símbolo externo glad_glTexImage2D sin resolver
C3_Exercise_15_LCaster_Task5.obj : error LNK2001: símbolo externo glad_glClear sin resolver
C3_Exercise_15_LCaster_Task5.obj : error LNK2001: símbolo externo glad_glClearColor sin resolver
C3_Exercise_15_LCaster_Task5.obj : error LNK2001: símbolo externo glad_glEnable sin resolver
C3_Exercise_15_LCaster_Task5.obj : error LNK2001: símbolo externo glad_glViewport sin resolver
C3_Exercise_15_LCaster_Task5.obj : error LNK2001: símbolo externo glad_glDrawArrays sin resolver
C3_Exercise_15_LCaster_Task5.obj : error LNK2001: símbolo externo glad_glBindTexture sin resolver
C3_Exercise_15_LCaster_Task5.obj : error LNK2001: símbolo externo glad_glGenTextures sin resolver
C3_Exercise_15_LCaster_Task5.obj : error LNK2001: símbolo externo glad_glActiveTexture sin resolver
C3_Exercise_15_LCaster_Task5.obj : error LNK2001: símbolo externo glad_glBindBuffer sin resolver
C3_Exercise_15_LCaster_Task5.obj : error LNK2001: símbolo externo glad_glDeleteBuffers sin resolver
C3_Exercise_15_LCaster_Task5.obj : error LNK2001: símbolo externo glad_glGenBuffers sin resolver
C3_Exercise_15_LCaster_Task5.obj : error LNK2001: símbolo externo glad_glBufferData sin resolver
C3_Exercise_15_LCaster_Task5.obj : error LNK2001: símbolo externo glad_glAttachShader sin resolver
C3_Exercise_15_LCaster_Task5.obj : error LNK2001: símbolo externo glad_glCompileShader sin resolver
C3_Exercise_15_LCaster_Task5.obj : error LNK2001: símbolo externo glad_glCreateProgram sin resolver
C3_Exercise_15_LCaster_Task5.obj : error LNK2001: símbolo externo glad_glCreateShader sin resolver
C3_Exercise_15_LCaster_Task5.obj : error LNK2001: símbolo externo glad_glDeleteShader sin resolver
C3_Exercise_15_LCaster_Task5.obj : error LNK2001: símbolo externo glad_glEnableVertexAttribArray sin resolver
C3_Exercise_15_LCaster_Task5.obj : error LNK2001: símbolo externo glad_glGetProgramiv sin resolver
C3_Exercise_15_LCaster_Task5.obj : error LNK2001: símbolo externo glad_glGetProgramInfoLog sin resolver
C3_Exercise_15_LCaster_Task5.obj : error LNK2001: símbolo externo glad_glGetShaderiv sin resolver
C3_Exercise_15_LCaster_Task5.obj : error LNK2001: símbolo externo glad_glGetShaderInfoLog sin resolver
C3_Exercise_15_LCaster_Task5.obj : error LNK2001: símbolo externo glad_glGetUniformLocation sin resolver
C3_Exercise_15_LCaster_Task5.obj : error LNK2001: símbolo externo glad_glLinkProgram sin resolver
C3_Exercise_15_LCaster_Task5.obj : error LNK2001: símbolo externo glad_glShaderSource sin resolver
C3_Exercise_15_LCaster_Task5.obj : error LNK2001: símbolo externo glad_glUseProgram sin resolver
C3_Exercise_15_LCaster_Task5.obj : error LNK2001: símbolo externo glad_glUniform1f sin resolver
C3_Exercise_15_LCaster_Task5.obj : error LNK2001: símbolo externo glad_glUniform3f sin resolver
C3_Exercise_15_LCaster_Task5.obj : error LNK2001: símbolo externo glad_glUniform1i sin resolver
C3_Exercise_15_LCaster_Task5.obj : error LNK2001: símbolo externo glad_glUniform3fv sin resolver
C3_Exercise_15_LCaster_Task5.obj : error LNK2001: símbolo externo glad_glUniformMatrix4fv sin resolver
C3_Exercise_15_LCaster_Task5.obj : error LNK2001: símbolo externo glad_glVertexAttribPointer sin resolver
C3_Exercise_15_LCaster_Task5.obj : error LNK2001: símbolo externo glad_glGenerateMipmap sin resolver
C3_Exercise_15_LCaster_Task5.obj : error LNK2001: símbolo externo glad_glBindVertexArray sin resolver
C3_Exercise_15_LCaster_Task5.obj : error LNK2001: símbolo externo glad_glDeleteVertexArrays sin resolver
C3_Exercise_15_LCaster_Task5.obj : error LNK2001: símbolo externo glad_glGenVertexArrays sin resolver
C:\Users\Xelan\OneDrive\Documentos\Visual Studio 2022\OpenGL\x64\Debug\OpenGL.exe : fatal error LNK1120: 39 externos sin resolver
